2026-04-27 09:38:52,822 [INFO] ODD-RAG – Lade Ontologie 'ontology.rdf'
2026-04-27 09:46:42,305 [INFO] ODD-RAG – Lade Ontologie 'ontology.rdf'
2026-04-27 09:46:42,675 [INFO] ODD-RAG – Chunking abgeschlossen: 558 Entitäts-Chunks erzeugt.
2026-04-27 14:24:16,991 [INFO] ODD-RAG – Lade Ontologie 'ontology.rdf'
2026-04-27 14:24:17,374 [INFO] ODD-RAG – Chunking abgeschlossen: 558 Entitäts-Chunks erzeugt.
2026-04-27 17:36:33,358 [INFO] ODD-RAG – Lade Ontologie 'ontology.rdf'
2026-04-27 17:36:33,690 [INFO] ODD-RAG – Chunking abgeschlossen: 558 Entitäts-Chunks erzeugt.
2026-04-27 17:42:34,055 [INFO] numexpr.utils – NumExpr defaulting to 12 threads.
2026-04-27 17:42:42,241 [INFO] ODD-RAG – Lade Ontologie 'ontology.rdf'
2026-04-27 17:42:42,546 [INFO] ODD-RAG – Chunking abgeschlossen: 558 Entitäts-Chunks erzeugt.
2026-04-27 17:42:42,566 [INFO] sentence_transformers.SentenceTransformer – Use pytorch device_name: cpu
2026-04-27 17:42:42,566 [INFO] sentence_transformers.SentenceTransformer – Load pretrained SentenceTransformer: sentence-transformers/all-MiniLM-L6-v2
2026-04-27 17:46:39,798 [INFO] ODD-RAG – Lade Ontologie 'ontology.rdf'
2026-04-27 17:46:40,115 [INFO] ODD-RAG – Chunking abgeschlossen: 558 Entitäts-Chunks erzeugt.
2026-04-27 17:46:40,139 [INFO] sentence_transformers.SentenceTransformer – Use pytorch device_name: cpu
2026-04-27 17:46:40,139 [INFO] sentence_transformers.SentenceTransformer – Load pretrained SentenceTransformer: sentence-transformers/all-MiniLM-L6-v2
2026-04-27 18:10:59,202 [INFO] sentence_transformers.SentenceTransformer – Use pytorch device_name: cpu
2026-04-27 18:10:59,203 [INFO] sentence_transformers.SentenceTransformer – Load pretrained SentenceTransformer: sentence-transformers/all-MiniLM-L6-v2
2026-04-27 18:11:03,726 [INFO] ODD-RAG – 558 Chunks wurden eingebettet.
2026-04-27 18:11:03,845 [INFO] chromadb.telemetry.product.posthog – Anonymized telemetry enabled. See                     https://docs.trychroma.com/telemetry for more information.
2026-04-27 20:24:16,336 [INFO] ODD-RAG – Lade Ontologie 'ontology.rdf'
2026-04-27 20:24:16,694 [INFO] ODD-RAG – Chunking abgeschlossen: 558 Entitäts-Chunks erzeugt.
2026-04-27 20:24:16,712 [INFO] sentence_transformers.SentenceTransformer – Use pytorch device_name: cpu
2026-04-27 20:24:16,712 [INFO] sentence_transformers.SentenceTransformer – Load pretrained SentenceTransformer: sentence-transformers/all-MiniLM-L6-v2
2026-04-27 20:24:22,144 [INFO] ODD-RAG – 558 Chunks wurden eingebettet.
2026-04-27 20:24:22,194 [INFO] chromadb.telemetry.product.posthog – Anonymized telemetry enabled. See                     https://docs.trychroma.com/telemetry for more information.
2026-04-29 08:48:27,494 [INFO] ODD-RAG – Lade Ontologie 'ontology.rdf'
2026-04-29 08:48:27,864 [INFO] ODD-RAG – Chunking abgeschlossen: 558 Entitäts-Chunks erzeugt.
2026-04-29 08:48:27,882 [INFO] sentence_transformers.SentenceTransformer – Use pytorch device_name: cpu
2026-04-29 08:48:27,882 [INFO] sentence_transformers.SentenceTransformer – Load pretrained SentenceTransformer: sentence-transformers/all-MiniLM-L6-v2
2026-04-29 08:48:30,184 [INFO] chromadb.telemetry.product.posthog – Anonymized telemetry enabled. See                     https://docs.trychroma.com/telemetry for more information.
2026-04-29 08:49:46,561 [INFO] ODD-RAG – Lade Ontologie 'ontology.rdf'
2026-04-29 08:49:46,888 [INFO] ODD-RAG – Chunking abgeschlossen: 558 Entitäts-Chunks erzeugt.
2026-04-29 08:49:46,904 [INFO] sentence_transformers.SentenceTransformer – Use pytorch device_name: cpu
2026-04-29 08:49:46,904 [INFO] sentence_transformers.SentenceTransformer – Load pretrained SentenceTransformer: sentence-transformers/all-MiniLM-L6-v2
2026-04-29 08:49:48,947 [INFO] chromadb.telemetry.product.posthog – Anonymized telemetry enabled. See                     https://docs.trychroma.com/telemetry for more information.
2026-04-29 08:55:33,826 [INFO] ODD-RAG – Lade Ontologie 'ontology.rdf'
2026-04-29 08:55:34,149 [INFO] ODD-RAG – Chunking abgeschlossen: 558 Entitäts-Chunks erzeugt.
2026-04-29 08:55:34,162 [INFO] sentence_transformers.SentenceTransformer – Use pytorch device_name: cpu
2026-04-29 08:55:34,162 [INFO] sentence_transformers.SentenceTransformer – Load pretrained SentenceTransformer: sentence-transformers/all-MiniLM-L6-v2
2026-04-29 08:55:36,150 [INFO] chromadb.telemetry.product.posthog – Anonymized telemetry enabled. See                     https://docs.trychroma.com/telemetry for more information.
2026-04-29 11:49:10,615 [INFO] ODD-RAG – Lade Ontologie 'ontology.rdf'
2026-04-29 11:49:10,888 [INFO] ODD-RAG – Chunking abgeschlossen: 558 Entitäts-Chunks erzeugt.
2026-04-29 11:49:10,912 [INFO] sentence_transformers.SentenceTransformer – Use pytorch device_name: cpu
2026-04-29 11:49:10,912 [INFO] sentence_transformers.SentenceTransformer – Load pretrained SentenceTransformer: sentence-transformers/all-MiniLM-L6-v2
2026-04-29 11:49:13,114 [INFO] chromadb.telemetry.product.posthog – Anonymized telemetry enabled. See                     https://docs.trychroma.com/telemetry for more information.
2026-04-29 11:52:07,858 [INFO] ODD-RAG – Lade Ontologie 'ontology.rdf'
2026-04-29 11:52:07,947 [INFO] ODD-RAG – Chunking abgeschlossen: 558 Entitäts-Chunks erzeugt.
2026-04-29 11:52:07,969 [INFO] sentence_transformers.SentenceTransformer – Use pytorch device_name: cpu
2026-04-29 11:52:07,969 [INFO] sentence_transformers.SentenceTransformer – Load pretrained SentenceTransformer: sentence-transformers/all-MiniLM-L6-v2
2026-04-29 11:52:09,941 [INFO] chromadb.telemetry.product.posthog – Anonymized telemetry enabled. See                     https://docs.trychroma.com/telemetry for more information.
2026-04-29 12:37:51,884 [INFO] ODD-RAG – Lade Ontologie 'ontology.rdf'
2026-04-29 12:37:52,000 [INFO] ODD-RAG – Chunking abgeschlossen: 572 Entitäts-Chunks erzeugt.
2026-04-29 12:37:52,025 [INFO] sentence_transformers.SentenceTransformer – Use pytorch device_name: cpu
2026-04-29 12:37:52,025 [INFO] sentence_transformers.SentenceTransformer – Load pretrained SentenceTransformer: sentence-transformers/all-MiniLM-L6-v2
2026-04-29 12:37:54,165 [INFO] chromadb.telemetry.product.posthog – Anonymized telemetry enabled. See                     https://docs.trychroma.com/telemetry for more information.
2026-04-29 12:38:05,500 [INFO] sentence_transformers.SentenceTransformer – Use pytorch device_name: cpu
2026-04-29 12:38:05,500 [INFO] sentence_transformers.SentenceTransformer – Load pretrained SentenceTransformer: sentence-transformers/all-MiniLM-L6-v2
2026-04-29 12:46:41,668 [INFO] sentence_transformers.SentenceTransformer – Use pytorch device_name: cpu
2026-04-29 12:46:41,669 [INFO] sentence_transformers.SentenceTransformer – Load pretrained SentenceTransformer: sentence-transformers/all-MiniLM-L6-v2
2026-04-29 12:47:14,773 [INFO] ODD-RAG – Lade Ontologie 'ontology.rdf'
2026-04-29 12:47:14,866 [INFO] ODD-RAG – Chunking abgeschlossen: 572 Entitäts-Chunks erzeugt.
2026-04-29 12:47:14,881 [INFO] sentence_transformers.SentenceTransformer – Use pytorch device_name: cpu
2026-04-29 12:47:14,881 [INFO] sentence_transformers.SentenceTransformer – Load pretrained SentenceTransformer: sentence-transformers/all-MiniLM-L6-v2
2026-04-29 12:47:47,336 [INFO] ODD-RAG – Lade Ontologie 'ontology.rdf'
2026-04-29 12:47:47,455 [INFO] ODD-RAG – Chunking abgeschlossen: 572 Entitäts-Chunks erzeugt.
2026-04-29 12:47:47,473 [INFO] sentence_transformers.SentenceTransformer – Use pytorch device_name: cpu
2026-04-29 12:47:47,473 [INFO] sentence_transformers.SentenceTransformer – Load pretrained SentenceTransformer: sentence-transformers/all-MiniLM-L6-v2
2026-04-29 12:47:49,503 [INFO] chromadb.telemetry.product.posthog – Anonymized telemetry enabled. See                     https://docs.trychroma.com/telemetry for more information.
2026-04-29 12:48:06,538 [INFO] ODD-RAG – Lade Ontologie 'ontology.rdf'
2026-04-29 12:48:06,639 [INFO] ODD-RAG – Chunking abgeschlossen: 572 Entitäts-Chunks erzeugt.
2026-04-29 12:48:06,665 [INFO] sentence_transformers.SentenceTransformer – Use pytorch device_name: cpu
2026-04-29 12:48:06,665 [INFO] sentence_transformers.SentenceTransformer – Load pretrained SentenceTransformer: sentence-transformers/all-MiniLM-L6-v2
2026-04-29 12:48:09,076 [INFO] chromadb.telemetry.product.posthog – Anonymized telemetry enabled. See                     https://docs.trychroma.com/telemetry for more information.
2026-04-29 12:50:05,797 [INFO] ODD-RAG – Lade Ontologie 'ontology.rdf'
2026-04-29 12:50:05,893 [INFO] ODD-RAG – Chunking abgeschlossen: 572 Entitäts-Chunks erzeugt.
2026-04-29 12:50:05,917 [INFO] sentence_transformers.SentenceTransformer – Use pytorch device_name: cpu
2026-04-29 12:50:05,917 [INFO] sentence_transformers.SentenceTransformer – Load pretrained SentenceTransformer: sentence-transformers/all-MiniLM-L6-v2
2026-04-29 12:50:08,014 [INFO] chromadb.telemetry.product.posthog – Anonymized telemetry enabled. See                     https://docs.trychroma.com/telemetry for more information.
2026-04-29 12:52:00,912 [INFO] ODD-RAG – Lade Ontologie 'ontology.rdf'
2026-04-29 12:52:01,010 [INFO] ODD-RAG – Chunking abgeschlossen: 572 Entitäts-Chunks erzeugt.
2026-04-29 12:52:01,038 [INFO] sentence_transformers.SentenceTransformer – Use pytorch device_name: cpu
2026-04-29 12:52:01,038 [INFO] sentence_transformers.SentenceTransformer – Load pretrained SentenceTransformer: sentence-transformers/all-MiniLM-L6-v2
2026-04-29 12:52:03,055 [INFO] chromadb.telemetry.product.posthog – Anonymized telemetry enabled. See                     https://docs.trychroma.com/telemetry for more information.
2026-04-29 14:12:35,681 [INFO] ODD-RAG – Lade Ontologie 'ontology.rdf'
2026-04-29 14:12:35,803 [INFO] ODD-RAG – Chunking abgeschlossen: 572 Entitäts-Chunks erzeugt.
2026-04-29 14:12:35,836 [INFO] sentence_transformers.SentenceTransformer – Use pytorch device_name: cpu
2026-04-29 14:12:35,836 [INFO] sentence_transformers.SentenceTransformer – Load pretrained SentenceTransformer: sentence-transformers/all-MiniLM-L6-v2
2026-04-29 14:13:09,562 [INFO] ODD-RAG – Lade Ontologie 'ontology.rdf'
2026-04-29 14:13:09,674 [INFO] ODD-RAG – Chunking abgeschlossen: 572 Entitäts-Chunks erzeugt.
2026-04-29 14:13:09,690 [INFO] sentence_transformers.SentenceTransformer – Use pytorch device_name: cpu
2026-04-29 14:13:09,690 [INFO] sentence_transformers.SentenceTransformer – Load pretrained SentenceTransformer: sentence-transformers/all-MiniLM-L6-v2
2026-04-29 14:13:11,839 [INFO] chromadb.telemetry.product.posthog – Anonymized telemetry enabled. See                     https://docs.trychroma.com/telemetry for more information.
2026-04-29 14:14:04,087 [INFO] ODD-RAG – Lade Ontologie 'ontology.rdf'
2026-04-29 14:14:04,196 [INFO] ODD-RAG – Chunking abgeschlossen: 572 Entitäts-Chunks erzeugt.
2026-04-29 14:14:04,211 [INFO] sentence_transformers.SentenceTransformer – Use pytorch device_name: cpu
2026-04-29 14:14:04,211 [INFO] sentence_transformers.SentenceTransformer – Load pretrained SentenceTransformer: sentence-transformers/all-MiniLM-L6-v2
2026-04-29 14:14:41,418 [INFO] ODD-RAG – Lade Ontologie 'ontology.rdf'
2026-04-29 14:14:41,527 [INFO] ODD-RAG – Chunking abgeschlossen: 572 Entitäts-Chunks erzeugt.
2026-04-29 14:14:41,541 [INFO] sentence_transformers.SentenceTransformer – Use pytorch device_name: cpu
2026-04-29 14:14:41,541 [INFO] sentence_transformers.SentenceTransformer – Load pretrained SentenceTransformer: sentence-transformers/all-MiniLM-L6-v2
2026-04-29 14:14:43,590 [INFO] chromadb.telemetry.product.posthog – Anonymized telemetry enabled. See                     https://docs.trychroma.com/telemetry for more information.
2026-04-29 14:15:19,572 [INFO] ODD-RAG – Lade Ontologie 'ontology.rdf'
2026-04-29 14:15:19,684 [INFO] ODD-RAG – Chunking abgeschlossen: 572 Entitäts-Chunks erzeugt.
2026-04-29 14:15:19,709 [INFO] sentence_transformers.SentenceTransformer – Use pytorch device_name: cpu
2026-04-29 14:15:19,709 [INFO] sentence_transformers.SentenceTransformer – Load pretrained SentenceTransformer: sentence-transformers/all-MiniLM-L6-v2
2026-04-29 14:16:19,906 [INFO] ODD-RAG – Lade Ontologie 'ontology.rdf'
2026-04-29 14:16:20,011 [INFO] ODD-RAG – Chunking abgeschlossen: 572 Entitäts-Chunks erzeugt.
2026-04-29 14:16:20,030 [INFO] sentence_transformers.SentenceTransformer – Use pytorch device_name: cpu
2026-04-29 14:16:20,030 [INFO] sentence_transformers.SentenceTransformer – Load pretrained SentenceTransformer: sentence-transformers/all-MiniLM-L6-v2
2026-04-29 14:16:22,100 [INFO] chromadb.telemetry.product.posthog – Anonymized telemetry enabled. See                     https://docs.trychroma.com/telemetry for more information.
2026-04-29 14:20:36,393 [INFO] ODD-RAG – Lade Ontologie 'ontology.rdf'
2026-04-29 14:20:36,502 [INFO] ODD-RAG – Chunking abgeschlossen: 572 Entitäts-Chunks erzeugt.
2026-04-29 14:20:36,519 [INFO] sentence_transformers.SentenceTransformer – Use pytorch device_name: cpu
2026-04-29 14:20:36,519 [INFO] sentence_transformers.SentenceTransformer – Load pretrained SentenceTransformer: sentence-transformers/all-MiniLM-L6-v2
2026-04-29 14:20:38,857 [INFO] chromadb.telemetry.product.posthog – Anonymized telemetry enabled. See                     https://docs.trychroma.com/telemetry for more information.
2026-04-29 14:21:58,141 [INFO] ODD-RAG – Lade Ontologie 'ontology.rdf'
2026-04-29 14:21:58,249 [INFO] ODD-RAG – Chunking abgeschlossen: 572 Entitäts-Chunks erzeugt.
2026-04-29 14:22:12,207 [INFO] sentence_transformers.SentenceTransformer – Use pytorch device_name: cpu
2026-04-29 14:22:12,207 [INFO] sentence_transformers.SentenceTransformer – Load pretrained SentenceTransformer: sentence-transformers/all-MiniLM-L6-v2
2026-04-29 14:22:14,471 [INFO] chromadb.telemetry.product.posthog – Anonymized telemetry enabled. See                     https://docs.trychroma.com/telemetry for more information.
2026-04-29 14:25:07,460 [INFO] ODD-RAG – Lade Ontologie 'ontology.rdf'
2026-04-29 14:25:07,565 [INFO] ODD-RAG – Chunking abgeschlossen: 572 Entitäts-Chunks erzeugt.
2026-04-29 14:25:07,585 [INFO] sentence_transformers.SentenceTransformer – Use pytorch device_name: cpu
2026-04-29 14:25:07,585 [INFO] sentence_transformers.SentenceTransformer – Load pretrained SentenceTransformer: sentence-transformers/all-MiniLM-L6-v2
2026-04-29 14:25:10,049 [INFO] chromadb.telemetry.product.posthog – Anonymized telemetry enabled. See                     https://docs.trychroma.com/telemetry for more information.
2026-04-29 14:25:39,429 [INFO] sentence_transformers.SentenceTransformer – Use pytorch device_name: cpu
2026-04-29 14:25:39,429 [INFO] sentence_transformers.SentenceTransformer – Load pretrained SentenceTransformer: sentence-transformers/all-MiniLM-L6-v2
2026-04-29 14:30:24,598 [INFO] ODD-RAG – Lade Ontologie 'ontology.rdf'
2026-04-29 14:30:24,705 [INFO] ODD-RAG – Chunking abgeschlossen: 572 Entitäts-Chunks erzeugt.
2026-04-29 14:30:24,722 [INFO] sentence_transformers.SentenceTransformer – Use pytorch device_name: cpu
2026-04-29 14:30:24,722 [INFO] sentence_transformers.SentenceTransformer – Load pretrained SentenceTransformer: sentence-transformers/all-MiniLM-L6-v2
2026-04-29 14:30:26,837 [INFO] chromadb.telemetry.product.posthog – Anonymized telemetry enabled. See                     https://docs.trychroma.com/telemetry for more information.
2026-04-29 14:31:06,457 [INFO] ODD-RAG – Lade Ontologie 'ontology.rdf'
2026-04-29 14:31:06,572 [INFO] ODD-RAG – Chunking abgeschlossen: 572 Entitäts-Chunks erzeugt.
2026-04-29 14:31:06,592 [INFO] sentence_transformers.SentenceTransformer – Use pytorch device_name: cpu
2026-04-29 14:31:06,592 [INFO] sentence_transformers.SentenceTransformer – Load pretrained SentenceTransformer: sentence-transformers/all-MiniLM-L6-v2
2026-04-29 14:31:08,563 [INFO] chromadb.telemetry.product.posthog – Anonymized telemetry enabled. See                     https://docs.trychroma.com/telemetry for more information.
2026-04-29 14:31:27,898 [INFO] ODD-RAG – Lade Ontologie 'ontology.rdf'
2026-04-29 14:31:28,005 [INFO] ODD-RAG – Chunking abgeschlossen: 572 Entitäts-Chunks erzeugt.
2026-04-29 14:31:28,025 [INFO] sentence_transformers.SentenceTransformer – Use pytorch device_name: cpu
2026-04-29 14:31:28,025 [INFO] sentence_transformers.SentenceTransformer – Load pretrained SentenceTransformer: sentence-transformers/all-MiniLM-L6-v2
2026-04-29 14:36:32,520 [INFO] ODD-RAG – Lade Ontologie 'ontology.rdf'
2026-04-29 14:36:32,626 [INFO] ODD-RAG – Chunking abgeschlossen: 572 Entitäts-Chunks erzeugt.
2026-04-29 14:36:32,644 [INFO] sentence_transformers.SentenceTransformer – Use pytorch device_name: cpu
2026-04-29 14:36:32,644 [INFO] sentence_transformers.SentenceTransformer – Load pretrained SentenceTransformer: sentence-transformers/all-MiniLM-L6-v2
2026-04-29 14:36:34,792 [INFO] chromadb.telemetry.product.posthog – Anonymized telemetry enabled. See                     https://docs.trychroma.com/telemetry for more information.
2026-04-29 14:38:06,683 [INFO] ODD-RAG – Lade Ontologie 'ontology.rdf'
2026-04-29 14:38:06,788 [INFO] ODD-RAG – Chunking abgeschlossen: 572 Entitäts-Chunks erzeugt.
2026-04-29 14:38:06,807 [INFO] sentence_transformers.SentenceTransformer – Use pytorch device_name: cpu
2026-04-29 14:38:06,807 [INFO] sentence_transformers.SentenceTransformer – Load pretrained SentenceTransformer: sentence-transformers/all-MiniLM-L6-v2
2026-04-29 14:38:08,929 [INFO] chromadb.telemetry.product.posthog – Anonymized telemetry enabled. See                     https://docs.trychroma.com/telemetry for more information.
2026-04-29 14:38:31,343 [INFO] ODD-RAG – Lade Ontologie 'ontology.rdf'
2026-04-29 14:38:31,450 [INFO] ODD-RAG – Chunking abgeschlossen: 572 Entitäts-Chunks erzeugt.
2026-04-29 14:38:31,465 [INFO] sentence_transformers.SentenceTransformer – Use pytorch device_name: cpu
2026-04-29 14:38:31,465 [INFO] sentence_transformers.SentenceTransformer – Load pretrained SentenceTransformer: sentence-transformers/all-MiniLM-L6-v2
2026-04-29 14:38:33,472 [INFO] chromadb.telemetry.product.posthog – Anonymized telemetry enabled. See                     https://docs.trychroma.com/telemetry for more information.
2026-04-29 14:39:30,463 [INFO] ODD-RAG – Lade Ontologie 'ontology.rdf'
2026-04-29 14:39:30,569 [INFO] ODD-RAG – Chunking abgeschlossen: 572 Entitäts-Chunks erzeugt.
2026-04-29 14:39:30,586 [INFO] sentence_transformers.SentenceTransformer – Use pytorch device_name: cpu
2026-04-29 14:39:30,586 [INFO] sentence_transformers.SentenceTransformer – Load pretrained SentenceTransformer: sentence-transformers/all-MiniLM-L6-v2
2026-04-29 14:39:32,678 [INFO] chromadb.telemetry.product.posthog – Anonymized telemetry enabled. See                     https://docs.trychroma.com/telemetry for more information.
2026-04-29 14:42:15,049 [INFO] ODD-RAG – Lade Ontologie 'ontology.rdf'
2026-04-29 14:42:15,163 [INFO] ODD-RAG – Chunking abgeschlossen: 572 Entitäts-Chunks erzeugt.
2026-04-29 14:42:15,191 [INFO] sentence_transformers.SentenceTransformer – Use pytorch device_name: cpu
2026-04-29 14:42:15,191 [INFO] sentence_transformers.SentenceTransformer – Load pretrained SentenceTransformer: sentence-transformers/all-MiniLM-L6-v2
2026-04-29 14:42:17,210 [INFO] chromadb.telemetry.product.posthog – Anonymized telemetry enabled. See                     https://docs.trychroma.com/telemetry for more information.
2026-04-29 14:42:50,021 [INFO] ODD-RAG – Lade Ontologie 'ontology.rdf'
2026-04-29 14:42:50,121 [INFO] ODD-RAG – Chunking abgeschlossen: 572 Entitäts-Chunks erzeugt.
2026-04-29 14:42:50,145 [INFO] sentence_transformers.SentenceTransformer – Use pytorch device_name: cpu
2026-04-29 14:42:50,145 [INFO] sentence_transformers.SentenceTransformer – Load pretrained SentenceTransformer: sentence-transformers/all-MiniLM-L6-v2
2026-04-29 14:44:41,924 [INFO] ODD-RAG – Lade Ontologie 'ontology.rdf'
2026-04-29 14:44:42,031 [INFO] ODD-RAG – Chunking abgeschlossen: 572 Entitäts-Chunks erzeugt.
2026-04-29 14:44:42,052 [INFO] sentence_transformers.SentenceTransformer – Use pytorch device_name: cpu
2026-04-29 14:44:42,052 [INFO] sentence_transformers.SentenceTransformer – Load pretrained SentenceTransformer: sentence-transformers/all-MiniLM-L6-v2
2026-04-29 14:44:44,082 [INFO] chromadb.telemetry.product.posthog – Anonymized telemetry enabled. See                     https://docs.trychroma.com/telemetry for more information.
2026-04-29 14:45:28,383 [INFO] sentence_transformers.SentenceTransformer – Use pytorch device_name: cpu
2026-04-29 14:45:28,383 [INFO] sentence_transformers.SentenceTransformer – Load pretrained SentenceTransformer: sentence-transformers/all-MiniLM-L6-v2
2026-04-29 14:46:04,346 [INFO] ODD-RAG – Lade Ontologie 'ontology.rdf'
2026-04-29 14:46:04,452 [INFO] ODD-RAG – Chunking abgeschlossen: 572 Entitäts-Chunks erzeugt.
2026-04-29 14:46:04,472 [INFO] sentence_transformers.SentenceTransformer – Use pytorch device_name: cpu
2026-04-29 14:46:04,472 [INFO] sentence_transformers.SentenceTransformer – Load pretrained SentenceTransformer: sentence-transformers/all-MiniLM-L6-v2
2026-04-29 14:46:06,608 [INFO] chromadb.telemetry.product.posthog – Anonymized telemetry enabled. See                     https://docs.trychroma.com/telemetry for more information.
2026-04-29 14:48:12,499 [INFO] ODD-RAG – Lade Ontologie 'ontology.rdf'
2026-04-29 14:48:12,604 [INFO] ODD-RAG – Chunking abgeschlossen: 572 Entitäts-Chunks erzeugt.
2026-04-29 14:48:12,621 [INFO] sentence_transformers.SentenceTransformer – Use pytorch device_name: cpu
2026-04-29 14:48:12,621 [INFO] sentence_transformers.SentenceTransformer – Load pretrained SentenceTransformer: sentence-transformers/all-MiniLM-L6-v2
2026-04-29 14:48:14,660 [INFO] chromadb.telemetry.product.posthog – Anonymized telemetry enabled. See                     https://docs.trychroma.com/telemetry for more information.
2026-04-29 14:48:47,968 [INFO] ODD-RAG – Lade Ontologie 'ontology.rdf'
2026-04-29 14:48:48,077 [INFO] ODD-RAG – Chunking abgeschlossen: 572 Entitäts-Chunks erzeugt.
2026-04-29 14:48:48,107 [INFO] sentence_transformers.SentenceTransformer – Use pytorch device_name: cpu
2026-04-29 14:48:48,107 [INFO] sentence_transformers.SentenceTransformer – Load pretrained SentenceTransformer: sentence-transformers/all-MiniLM-L6-v2
2026-04-29 14:48:50,465 [INFO] chromadb.telemetry.product.posthog – Anonymized telemetry enabled. See                     https://docs.trychroma.com/telemetry for more information.
2026-04-29 14:49:53,265 [INFO] ODD-RAG – Lade Ontologie 'ontology.rdf'
2026-04-29 14:49:53,367 [INFO] ODD-RAG – Chunking abgeschlossen: 572 Entitäts-Chunks erzeugt.
2026-04-29 14:49:53,385 [INFO] sentence_transformers.SentenceTransformer – Use pytorch device_name: cpu
2026-04-29 14:49:53,385 [INFO] sentence_transformers.SentenceTransformer – Load pretrained SentenceTransformer: sentence-transformers/all-MiniLM-L6-v2
2026-04-29 14:49:55,473 [INFO] chromadb.telemetry.product.posthog – Anonymized telemetry enabled. See                     https://docs.trychroma.com/telemetry for more information.
2026-04-29 14:50:33,240 [INFO] ODD-RAG – Lade Ontologie 'ontology.rdf'
2026-04-29 14:50:33,348 [INFO] ODD-RAG – Chunking abgeschlossen: 572 Entitäts-Chunks erzeugt.
2026-04-29 14:50:33,371 [INFO] sentence_transformers.SentenceTransformer – Use pytorch device_name: cpu
2026-04-29 14:50:33,371 [INFO] sentence_transformers.SentenceTransformer – Load pretrained SentenceTransformer: sentence-transformers/all-MiniLM-L6-v2
2026-04-29 14:50:35,418 [INFO] chromadb.telemetry.product.posthog – Anonymized telemetry enabled. See                     https://docs.trychroma.com/telemetry for more information.
2026-04-29 14:51:10,813 [INFO] sentence_transformers.SentenceTransformer – Use pytorch device_name: cpu
2026-04-29 14:51:10,813 [INFO] sentence_transformers.SentenceTransformer – Load pretrained SentenceTransformer: sentence-transformers/all-MiniLM-L6-v2
2026-04-29 14:52:06,888 [INFO] ODD-RAG – Lade Ontologie 'ontology.rdf'
2026-04-29 14:52:06,997 [INFO] ODD-RAG – Chunking abgeschlossen: 572 Entitäts-Chunks erzeugt.
2026-04-29 14:52:07,028 [INFO] sentence_transformers.SentenceTransformer – Use pytorch device_name: cpu
2026-04-29 14:52:07,028 [INFO] sentence_transformers.SentenceTransformer – Load pretrained SentenceTransformer: sentence-transformers/all-MiniLM-L6-v2
2026-04-29 14:52:09,567 [INFO] chromadb.telemetry.product.posthog – Anonymized telemetry enabled. See                     https://docs.trychroma.com/telemetry for more information.
2026-04-29 14:53:02,283 [INFO] sentence_transformers.SentenceTransformer – Use pytorch device_name: cpu
2026-04-29 14:53:02,283 [INFO] sentence_transformers.SentenceTransformer – Load pretrained SentenceTransformer: sentence-transformers/all-MiniLM-L6-v2
2026-04-29 14:57:22,744 [INFO] sentence_transformers.SentenceTransformer – Use pytorch device_name: cpu
2026-04-29 14:57:22,744 [INFO] sentence_transformers.SentenceTransformer – Load pretrained SentenceTransformer: sentence-transformers/all-MiniLM-L6-v2
2026-04-29 14:58:55,177 [INFO] sentence_transformers.SentenceTransformer – Use pytorch device_name: cpu
2026-04-29 14:58:55,179 [INFO] sentence_transformers.SentenceTransformer – Load pretrained SentenceTransformer: sentence-transformers/all-MiniLM-L6-v2
2026-04-29 14:59:23,236 [INFO] sentence_transformers.SentenceTransformer – Use pytorch device_name: cpu
2026-04-29 14:59:23,236 [INFO] sentence_transformers.SentenceTransformer – Load pretrained SentenceTransformer: sentence-transformers/all-MiniLM-L6-v2
2026-04-29 15:00:21,077 [INFO] ODD-RAG – Lade Ontologie 'ontology.rdf'
2026-04-29 15:00:21,184 [INFO] ODD-RAG – Chunking abgeschlossen: 572 Entitäts-Chunks erzeugt.
2026-04-29 15:00:21,201 [INFO] sentence_transformers.SentenceTransformer – Use pytorch device_name: cpu
2026-04-29 15:00:21,201 [INFO] sentence_transformers.SentenceTransformer – Load pretrained SentenceTransformer: sentence-transformers/all-MiniLM-L6-v2
2026-04-29 15:00:23,379 [INFO] chromadb.telemetry.product.posthog – Anonymized telemetry enabled. See                     https://docs.trychroma.com/telemetry for more information.
2026-04-29 15:00:46,706 [INFO] ODD-RAG – Lade Ontologie 'ontology.rdf'
2026-04-29 15:00:46,809 [INFO] ODD-RAG – Chunking abgeschlossen: 572 Entitäts-Chunks erzeugt.
2026-04-29 15:00:46,835 [INFO] sentence_transformers.SentenceTransformer – Use pytorch device_name: cpu
2026-04-29 15:00:46,836 [INFO] sentence_transformers.SentenceTransformer – Load pretrained SentenceTransformer: sentence-transformers/all-MiniLM-L6-v2
2026-04-29 15:00:49,134 [INFO] chromadb.telemetry.product.posthog – Anonymized telemetry enabled. See                     https://docs.trychroma.com/telemetry for more information.
2026-04-29 15:01:15,848 [INFO] ODD-RAG – Lade Ontologie 'ontology.rdf'
2026-04-29 15:01:15,945 [INFO] ODD-RAG – Chunking abgeschlossen: 572 Entitäts-Chunks erzeugt.
2026-04-29 15:01:15,976 [INFO] sentence_transformers.SentenceTransformer – Use pytorch device_name: cpu
2026-04-29 15:01:15,976 [INFO] sentence_transformers.SentenceTransformer – Load pretrained SentenceTransformer: sentence-transformers/all-MiniLM-L6-v2
2026-04-29 15:01:17,981 [INFO] chromadb.telemetry.product.posthog – Anonymized telemetry enabled. See                     https://docs.trychroma.com/telemetry for more information.
2026-04-29 15:01:56,950 [INFO] ODD-RAG – Lade Ontologie 'ontology.rdf'
2026-04-29 15:01:57,059 [INFO] ODD-RAG – Chunking abgeschlossen: 572 Entitäts-Chunks erzeugt.
2026-04-29 15:02:12,042 [INFO] ODD-RAG – Lade Ontologie 'ontology.rdf'
2026-04-29 15:02:12,147 [INFO] ODD-RAG – Chunking abgeschlossen: 572 Entitäts-Chunks erzeugt.
2026-04-29 15:02:12,167 [INFO] sentence_transformers.SentenceTransformer – Use pytorch device_name: cpu
2026-04-29 15:02:12,167 [INFO] sentence_transformers.SentenceTransformer – Load pretrained SentenceTransformer: sentence-transformers/all-MiniLM-L6-v2
2026-04-29 15:02:14,615 [INFO] chromadb.telemetry.product.posthog – Anonymized telemetry enabled. See                     https://docs.trychroma.com/telemetry for more information.
2026-04-29 15:08:11,444 [INFO] ODD-RAG – Lade Ontologie 'ontology.rdf'
2026-04-29 15:08:11,548 [INFO] ODD-RAG – Chunking abgeschlossen: 572 Entitäts-Chunks erzeugt.
2026-04-29 15:08:11,568 [INFO] sentence_transformers.SentenceTransformer – Use pytorch device_name: cpu
2026-04-29 15:08:11,568 [INFO] sentence_transformers.SentenceTransformer – Load pretrained SentenceTransformer: sentence-transformers/all-MiniLM-L6-v2
2026-04-29 15:08:13,617 [INFO] chromadb.telemetry.product.posthog – Anonymized telemetry enabled. See                     https://docs.trychroma.com/telemetry for more information.
2026-04-29 15:08:25,107 [INFO] sentence_transformers.SentenceTransformer – Use pytorch device_name: cpu
2026-04-29 15:08:25,107 [INFO] sentence_transformers.SentenceTransformer – Load pretrained SentenceTransformer: sentence-transformers/all-MiniLM-L6-v2
2026-04-29 15:08:50,536 [INFO] sentence_transformers.SentenceTransformer – Use pytorch device_name: cpu
2026-04-29 15:08:50,536 [INFO] sentence_transformers.SentenceTransformer – Load pretrained SentenceTransformer: sentence-transformers/all-MiniLM-L6-v2
2026-04-29 15:09:31,540 [INFO] ODD-RAG – Lade Ontologie 'ontology.rdf'
2026-04-29 15:09:31,642 [INFO] ODD-RAG – Chunking abgeschlossen: 572 Entitäts-Chunks erzeugt.
2026-04-29 15:09:31,660 [INFO] sentence_transformers.SentenceTransformer – Use pytorch device_name: cpu
2026-04-29 15:09:31,660 [INFO] sentence_transformers.SentenceTransformer – Load pretrained SentenceTransformer: sentence-transformers/all-MiniLM-L6-v2
2026-04-29 15:09:33,671 [INFO] chromadb.telemetry.product.posthog – Anonymized telemetry enabled. See                     https://docs.trychroma.com/telemetry for more information.
2026-04-29 15:09:39,751 [INFO] sentence_transformers.SentenceTransformer – Use pytorch device_name: cpu
2026-04-29 15:09:39,751 [INFO] sentence_transformers.SentenceTransformer – Load pretrained SentenceTransformer: sentence-transformers/all-MiniLM-L6-v2
2026-04-29 15:10:37,435 [INFO] ODD-RAG – Lade Ontologie 'ontology.rdf'
2026-04-29 15:10:37,536 [INFO] ODD-RAG – Chunking abgeschlossen: 572 Entitäts-Chunks erzeugt.
2026-04-29 15:10:37,561 [INFO] sentence_transformers.SentenceTransformer – Use pytorch device_name: cpu
2026-04-29 15:10:37,561 [INFO] sentence_transformers.SentenceTransformer – Load pretrained SentenceTransformer: sentence-transformers/all-MiniLM-L6-v2
2026-04-29 15:10:39,812 [INFO] chromadb.telemetry.product.posthog – Anonymized telemetry enabled. See                     https://docs.trychroma.com/telemetry for more information.
2026-04-29 15:11:30,450 [INFO] ODD-RAG – Lade Ontologie 'ontology.rdf'
2026-04-29 15:11:30,553 [INFO] ODD-RAG – Chunking abgeschlossen: 572 Entitäts-Chunks erzeugt.
2026-04-29 15:11:30,575 [INFO] sentence_transformers.SentenceTransformer – Use pytorch device_name: cpu
2026-04-29 15:11:30,575 [INFO] sentence_transformers.SentenceTransformer – Load pretrained SentenceTransformer: sentence-transformers/all-MiniLM-L6-v2
2026-04-29 15:11:32,640 [INFO] chromadb.telemetry.product.posthog – Anonymized telemetry enabled. See                     https://docs.trychroma.com/telemetry for more information.
2026-04-29 15:13:46,463 [INFO] ODD-RAG – Lade Ontologie 'ontology.rdf'
2026-04-29 15:13:46,567 [INFO] ODD-RAG – Chunking abgeschlossen: 572 Entitäts-Chunks erzeugt.
2026-04-29 15:13:46,592 [INFO] sentence_transformers.SentenceTransformer – Use pytorch device_name: cpu
2026-04-29 15:13:46,592 [INFO] sentence_transformers.SentenceTransformer – Load pretrained SentenceTransformer: sentence-transformers/all-MiniLM-L6-v2
2026-04-29 15:13:48,695 [INFO] chromadb.telemetry.product.posthog – Anonymized telemetry enabled. See                     https://docs.trychroma.com/telemetry for more information.
2026-04-29 15:14:06,367 [INFO] sentence_transformers.SentenceTransformer – Use pytorch device_name: cpu
2026-04-29 15:14:06,367 [INFO] sentence_transformers.SentenceTransformer – Load pretrained SentenceTransformer: sentence-transformers/all-MiniLM-L6-v2
2026-04-29 15:15:33,133 [INFO] sentence_transformers.SentenceTransformer – Use pytorch device_name: cpu
2026-04-29 15:15:33,133 [INFO] sentence_transformers.SentenceTransformer – Load pretrained SentenceTransformer: sentence-transformers/all-MiniLM-L6-v2
2026-04-29 15:17:19,934 [INFO] sentence_transformers.SentenceTransformer – Use pytorch device_name: cpu
2026-04-29 15:17:19,934 [INFO] sentence_transformers.SentenceTransformer – Load pretrained SentenceTransformer: sentence-transformers/all-MiniLM-L6-v2
2026-04-29 15:18:27,847 [INFO] ODD-RAG – Lade Ontologie 'ontology.rdf'
2026-04-29 15:18:27,949 [INFO] ODD-RAG – Chunking abgeschlossen: 572 Entitäts-Chunks erzeugt.
2026-04-29 15:18:27,972 [INFO] sentence_transformers.SentenceTransformer – Use pytorch device_name: cpu
2026-04-29 15:18:27,973 [INFO] sentence_transformers.SentenceTransformer – Load pretrained SentenceTransformer: sentence-transformers/all-MiniLM-L6-v2
2026-04-29 15:18:30,048 [INFO] chromadb.telemetry.product.posthog – Anonymized telemetry enabled. See                     https://docs.trychroma.com/telemetry for more information.
2026-04-29 15:18:32,966 [INFO] ODD-RAG – Vektordatenbank befüllt: 572 Chunks wurden geladen.
2026-04-29 15:18:32,966 [INFO] ODD-RAG – 572 Chunks wurden eingebettet.
2026-04-29 15:21:03,325 [INFO] sentence_transformers.SentenceTransformer – Use pytorch device_name: cpu
2026-04-29 15:21:03,327 [INFO] sentence_transformers.SentenceTransformer – Load pretrained SentenceTransformer: sentence-transformers/all-MiniLM-L6-v2
2026-04-29 15:21:27,955 [INFO] ODD-RAG – Lade Ontologie 'ontology.rdf'
2026-04-29 15:21:28,055 [INFO] ODD-RAG – Chunking abgeschlossen: 572 Entitäts-Chunks erzeugt.
2026-04-29 15:21:28,080 [INFO] sentence_transformers.SentenceTransformer – Use pytorch device_name: cpu
2026-04-29 15:21:28,080 [INFO] sentence_transformers.SentenceTransformer – Load pretrained SentenceTransformer: sentence-transformers/all-MiniLM-L6-v2
2026-04-29 15:21:30,137 [INFO] chromadb.telemetry.product.posthog – Anonymized telemetry enabled. See                     https://docs.trychroma.com/telemetry for more information.
2026-04-29 15:23:02,103 [INFO] ODD-RAG – Lade Ontologie 'ontology.rdf'
2026-04-29 15:23:02,206 [INFO] ODD-RAG – Chunking abgeschlossen: 572 Entitäts-Chunks erzeugt.
2026-04-29 15:23:02,228 [INFO] sentence_transformers.SentenceTransformer – Use pytorch device_name: cpu
2026-04-29 15:23:02,228 [INFO] sentence_transformers.SentenceTransformer – Load pretrained SentenceTransformer: sentence-transformers/all-MiniLM-L6-v2
2026-04-29 15:23:04,344 [INFO] chromadb.telemetry.product.posthog – Anonymized telemetry enabled. See                     https://docs.trychroma.com/telemetry for more information.
2026-04-29 15:24:21,729 [INFO] ODD-RAG – Lade Ontologie 'ontology.rdf'
2026-04-29 15:24:21,836 [INFO] ODD-RAG – Chunking abgeschlossen: 572 Entitäts-Chunks erzeugt.
2026-04-29 15:24:21,851 [INFO] sentence_transformers.SentenceTransformer – Use pytorch device_name: cpu
2026-04-29 15:24:21,851 [INFO] sentence_transformers.SentenceTransformer – Load pretrained SentenceTransformer: sentence-transformers/all-MiniLM-L6-v2
2026-04-29 15:24:24,255 [INFO] chromadb.telemetry.product.posthog – Anonymized telemetry enabled. See                     https://docs.trychroma.com/telemetry for more information.
2026-04-29 15:24:55,607 [INFO] sentence_transformers.SentenceTransformer – Use pytorch device_name: cpu
2026-04-29 15:24:55,607 [INFO] sentence_transformers.SentenceTransformer – Load pretrained SentenceTransformer: sentence-transformers/all-MiniLM-L6-v2
2026-04-29 15:25:19,340 [INFO] sentence_transformers.SentenceTransformer – Use pytorch device_name: cpu
2026-04-29 15:25:19,340 [INFO] sentence_transformers.SentenceTransformer – Load pretrained SentenceTransformer: sentence-transformers/all-MiniLM-L6-v2
2026-04-29 15:29:32,762 [INFO] ODD-RAG – Lade Ontologie 'ontology.rdf'
2026-04-29 15:29:32,878 [INFO] ODD-RAG – Chunking abgeschlossen: 572 Entitäts-Chunks erzeugt.
2026-04-29 15:30:07,410 [INFO] sentence_transformers.SentenceTransformer – Use pytorch device_name: cpu
2026-04-29 15:30:07,411 [INFO] sentence_transformers.SentenceTransformer – Load pretrained SentenceTransformer: sentence-transformers/all-MiniLM-L6-v2
2026-04-29 15:30:49,401 [INFO] ODD-RAG – Lade Ontologie 'ontology.rdf'
2026-04-29 15:30:49,516 [INFO] ODD-RAG – Chunking abgeschlossen: 572 Entitäts-Chunks erzeugt.
2026-04-29 15:31:30,607 [INFO] sentence_transformers.SentenceTransformer – Use pytorch device_name: cpu
2026-04-29 15:31:30,608 [INFO] sentence_transformers.SentenceTransformer – Load pretrained SentenceTransformer: sentence-transformers/all-MiniLM-L6-v2
2026-04-29 15:31:52,041 [INFO] sentence_transformers.SentenceTransformer – Use pytorch device_name: cpu
2026-04-29 15:31:52,041 [INFO] sentence_transformers.SentenceTransformer – Load pretrained SentenceTransformer: sentence-transformers/all-MiniLM-L6-v2
2026-04-29 15:33:01,832 [INFO] ODD-RAG – Lade Ontologie 'ontology.rdf'
2026-04-29 15:33:01,938 [INFO] ODD-RAG – Chunking abgeschlossen: 572 Entitäts-Chunks erzeugt.
2026-04-29 15:33:01,955 [INFO] sentence_transformers.SentenceTransformer – Use pytorch device_name: cpu
2026-04-29 15:33:01,955 [INFO] sentence_transformers.SentenceTransformer – Load pretrained SentenceTransformer: sentence-transformers/all-MiniLM-L6-v2
2026-04-29 16:57:40,528 [INFO] ODD-RAG – Lade Ontologie 'ontology.rdf'
2026-04-29 16:57:40,661 [INFO] ODD-RAG – Chunking abgeschlossen: 572 Entitäts-Chunks erzeugt.
2026-04-29 16:57:40,687 [INFO] sentence_transformers.SentenceTransformer – Use pytorch device_name: cpu
2026-04-29 16:57:40,687 [INFO] sentence_transformers.SentenceTransformer – Load pretrained SentenceTransformer: sentence-transformers/all-MiniLM-L6-v2
2026-04-29 20:51:40,406 [INFO] ODD-RAG – Lade Ontologie 'ontology.rdf'
2026-04-29 20:51:40,526 [INFO] ODD-RAG – Chunking abgeschlossen: 572 Entitäts-Chunks erzeugt.
2026-04-29 20:51:40,542 [INFO] sentence_transformers.SentenceTransformer – Use pytorch device_name: cpu
2026-04-29 20:51:40,542 [INFO] sentence_transformers.SentenceTransformer – Load pretrained SentenceTransformer: sentence-transformers/all-MiniLM-L6-v2
2026-05-04 13:53:23,581 [INFO] ODD-RAG – Lade Ontologie 'ontology.rdf'
2026-05-04 13:53:23,698 [INFO] ODD-RAG – Chunking abgeschlossen: 572 Entitäts-Chunks erzeugt.
2026-05-04 13:53:23,726 [INFO] sentence_transformers.SentenceTransformer – Use pytorch device_name: cpu
2026-05-04 13:53:23,726 [INFO] sentence_transformers.SentenceTransformer – Load pretrained SentenceTransformer: sentence-transformers/all-MiniLM-L6-v2
2026-05-04 13:56:10,425 [INFO] ODD-RAG – Lade Ontologie 'ontology.rdf'
2026-05-04 13:56:10,534 [INFO] ODD-RAG – Chunking abgeschlossen: 572 Entitäts-Chunks erzeugt.
2026-05-04 13:56:10,552 [INFO] sentence_transformers.SentenceTransformer – Use pytorch device_name: cpu
2026-05-04 13:56:10,552 [INFO] sentence_transformers.SentenceTransformer – Load pretrained SentenceTransformer: sentence-transformers/all-MiniLM-L6-v2
2026-05-06 08:33:27,146 [INFO] ODD-RAG – Lade Ontologie 'ontology.rdf'
2026-05-06 08:33:27,287 [INFO] ODD-RAG – Chunking abgeschlossen: 572 Entitäts-Chunks erzeugt.
2026-05-06 08:34:27,392 [INFO] numexpr.utils – NumExpr defaulting to 12 threads.
2026-05-06 08:34:36,057 [INFO] sentence_transformers.SentenceTransformer – Use pytorch device_name: cpu
2026-05-06 08:34:36,057 [INFO] sentence_transformers.SentenceTransformer – Load pretrained SentenceTransformer: sentence-transformers/all-MiniLM-L6-v2
2026-05-06 08:37:26,128 [INFO] ODD-RAG – Lade Ontologie 'ontology.rdf'
2026-05-06 08:37:26,249 [INFO] ODD-RAG – Chunking abgeschlossen: 572 Entitäts-Chunks erzeugt.
2026-05-06 08:37:31,755 [INFO] numexpr.utils – NumExpr defaulting to 12 threads.
2026-05-06 08:37:34,127 [INFO] sentence_transformers.SentenceTransformer – Use pytorch device_name: cpu
2026-05-06 08:37:34,127 [INFO] sentence_transformers.SentenceTransformer – Load pretrained SentenceTransformer: sentence-transformers/all-MiniLM-L6-v2
2026-05-06 08:38:04,929 [INFO] ODD-RAG – Lade Ontologie 'ontology.rdf'
2026-05-06 08:38:05,061 [INFO] ODD-RAG – Chunking abgeschlossen: 572 Entitäts-Chunks erzeugt.
2026-05-06 08:38:12,487 [INFO] numexpr.utils – NumExpr defaulting to 12 threads.
2026-05-06 08:38:15,300 [INFO] sentence_transformers.SentenceTransformer – Use pytorch device_name: cpu
2026-05-06 08:38:15,300 [INFO] sentence_transformers.SentenceTransformer – Load pretrained SentenceTransformer: sentence-transformers/all-MiniLM-L6-v2
2026-05-06 08:49:26,376 [INFO] ODD-RAG – Lade Ontologie 'ontology.rdf'
2026-05-06 08:49:26,472 [INFO] ODD-RAG – Chunking abgeschlossen: 572 Entitäts-Chunks erzeugt.
2026-05-06 08:49:29,771 [INFO] numexpr.utils – NumExpr defaulting to 12 threads.
2026-05-06 08:49:32,255 [INFO] sentence_transformers.SentenceTransformer – Use pytorch device_name: cpu
2026-05-06 08:49:32,255 [INFO] sentence_transformers.SentenceTransformer – Load pretrained SentenceTransformer: sentence-transformers/all-MiniLM-L6-v2
2026-05-06 08:49:35,132 [INFO] sentence_transformers.SentenceTransformer – Use pytorch device_name: cpu
2026-05-06 08:49:35,132 [INFO] sentence_transformers.SentenceTransformer – Load pretrained SentenceTransformer: sentence-transformers/all-MiniLM-L6-v2
2026-05-06 08:50:38,555 [INFO] ODD-RAG – Lade Ontologie 'ontology.rdf'
2026-05-06 08:50:38,672 [INFO] ODD-RAG – Chunking abgeschlossen: 572 Entitäts-Chunks erzeugt.
2026-05-06 08:50:42,118 [INFO] numexpr.utils – NumExpr defaulting to 12 threads.
2026-05-06 08:50:44,653 [INFO] sentence_transformers.SentenceTransformer – Use pytorch device_name: cpu
2026-05-06 08:50:44,653 [INFO] sentence_transformers.SentenceTransformer – Load pretrained SentenceTransformer: sentence-transformers/all-MiniLM-L6-v2
2026-05-06 08:50:47,233 [INFO] sentence_transformers.SentenceTransformer – Use pytorch device_name: cpu
2026-05-06 08:50:47,233 [INFO] sentence_transformers.SentenceTransformer – Load pretrained SentenceTransformer: sentence-transformers/all-MiniLM-L6-v2
2026-05-06 08:55:36,090 [INFO] ODD-RAG – Lade Ontologie 'ontology.rdf'
2026-05-06 08:55:36,213 [INFO] ODD-RAG – Chunking abgeschlossen: 572 Entitäts-Chunks erzeugt.
2026-05-06 08:55:39,278 [INFO] numexpr.utils – NumExpr defaulting to 12 threads.
2026-05-06 08:55:41,631 [INFO] sentence_transformers.SentenceTransformer – Use pytorch device_name: cpu
2026-05-06 08:55:41,631 [INFO] sentence_transformers.SentenceTransformer – Load pretrained SentenceTransformer: sentence-transformers/all-MiniLM-L6-v2
2026-05-06 08:55:44,285 [INFO] sentence_transformers.SentenceTransformer – Use pytorch device_name: cpu
2026-05-06 08:55:44,285 [INFO] sentence_transformers.SentenceTransformer – Load pretrained SentenceTransformer: sentence-transformers/all-MiniLM-L6-v2
2026-05-06 08:56:56,878 [INFO] ODD-RAG – Lade Ontologie 'ontology.rdf'
2026-05-06 08:56:56,973 [INFO] ODD-RAG – Chunking abgeschlossen: 572 Entitäts-Chunks erzeugt.
2026-05-06 08:56:56,984 [INFO] sentence_transformers.SentenceTransformer – Use pytorch device_name: cpu
2026-05-06 08:56:56,984 [INFO] sentence_transformers.SentenceTransformer – Load pretrained SentenceTransformer: sentence-transformers/all-MiniLM-L6-v2
2026-05-06 08:56:59,159 [INFO] sentence_transformers.SentenceTransformer – Use pytorch device_name: cpu
2026-05-06 08:56:59,159 [INFO] sentence_transformers.SentenceTransformer – Load pretrained SentenceTransformer: sentence-transformers/all-MiniLM-L6-v2
2026-05-06 08:57:44,429 [INFO] ODD-RAG – Lade Ontologie 'ontology.rdf'
2026-05-06 08:57:44,522 [INFO] ODD-RAG – Chunking abgeschlossen: 572 Entitäts-Chunks erzeugt.
2026-05-06 08:57:44,536 [INFO] sentence_transformers.SentenceTransformer – Use pytorch device_name: cpu
2026-05-06 08:57:44,537 [INFO] sentence_transformers.SentenceTransformer – Load pretrained SentenceTransformer: sentence-transformers/all-MiniLM-L6-v2
2026-05-06 08:58:21,197 [INFO] ODD-RAG – Lade Ontologie 'ontology.rdf'
2026-05-06 08:58:21,291 [INFO] ODD-RAG – Chunking abgeschlossen: 572 Entitäts-Chunks erzeugt.
2026-05-06 08:58:21,307 [INFO] sentence_transformers.SentenceTransformer – Use pytorch device_name: cpu
2026-05-06 08:58:21,307 [INFO] sentence_transformers.SentenceTransformer – Load pretrained SentenceTransformer: sentence-transformers/all-MiniLM-L6-v2
2026-05-06 09:01:42,263 [INFO] ODD-RAG – Lade Ontologie 'ontology.rdf'
2026-05-06 09:01:42,358 [INFO] ODD-RAG – Chunking abgeschlossen: 572 Entitäts-Chunks erzeugt.
2026-05-06 09:01:42,370 [INFO] sentence_transformers.SentenceTransformer – Use pytorch device_name: cpu
2026-05-06 09:01:42,370 [INFO] sentence_transformers.SentenceTransformer – Load pretrained SentenceTransformer: sentence-transformers/all-MiniLM-L6-v2
2026-05-06 10:40:53,063 [INFO] ODD-RAG – Lade Ontologie 'ontology.rdf'
2026-05-06 10:40:53,359 [INFO] ODD-RAG – Chunking abgeschlossen: 572 Entitäts-Chunks erzeugt.
2026-05-06 10:40:53,375 [INFO] sentence_transformers.SentenceTransformer – Use pytorch device_name: cpu
2026-05-06 10:40:53,375 [INFO] sentence_transformers.SentenceTransformer – Load pretrained SentenceTransformer: sentence-transformers/all-MiniLM-L6-v2
2026-05-06 10:43:26,603 [INFO] ODD-RAG – Lade Ontologie 'ontology.rdf'
2026-05-06 10:43:26,700 [INFO] ODD-RAG – Chunking abgeschlossen: 572 Entitäts-Chunks erzeugt.
2026-05-06 10:43:26,726 [INFO] sentence_transformers.SentenceTransformer – Use pytorch device_name: cpu
2026-05-06 10:43:26,726 [INFO] sentence_transformers.SentenceTransformer – Load pretrained SentenceTransformer: sentence-transformers/all-MiniLM-L6-v2
2026-05-06 12:11:15,589 [INFO] ODD-RAG – Lade Ontologie 'ontology.rdf'
2026-05-06 12:11:15,700 [INFO] ODD-RAG – Chunking abgeschlossen: 572 Entitäts-Chunks erzeugt.
2026-05-06 12:11:15,731 [INFO] sentence_transformers.SentenceTransformer – Use pytorch device_name: cpu
2026-05-06 12:11:15,731 [INFO] sentence_transformers.SentenceTransformer – Load pretrained SentenceTransformer: sentence-transformers/all-MiniLM-L6-v2
2026-05-06 12:14:18,004 [INFO] ODD-RAG – Lade Ontologie 'ontology.rdf'
2026-05-06 12:14:18,101 [INFO] ODD-RAG – Chunking abgeschlossen: 572 Entitäts-Chunks erzeugt.
2026-05-06 12:14:18,104 [INFO] sentence_transformers.SentenceTransformer – Use pytorch device_name: cpu
2026-05-06 12:14:18,104 [INFO] sentence_transformers.SentenceTransformer – Load pretrained SentenceTransformer: sentence-transformers/all-MiniLM-L6-v2
2026-05-06 12:16:11,248 [INFO] ODD-RAG – Lade Ontologie 'ontology.rdf'
2026-05-06 12:16:11,345 [INFO] ODD-RAG – Chunking abgeschlossen: 572 Entitäts-Chunks erzeugt.
2026-05-06 12:16:11,347 [INFO] sentence_transformers.SentenceTransformer – Use pytorch device_name: cpu
2026-05-06 12:16:11,347 [INFO] sentence_transformers.SentenceTransformer – Load pretrained SentenceTransformer: sentence-transformers/all-MiniLM-L6-v2
2026-05-06 12:18:15,445 [INFO] ODD-RAG – Lade Ontologie 'ontology.rdf'
2026-05-06 12:18:15,543 [INFO] ODD-RAG – Chunking abgeschlossen: 572 Entitäts-Chunks erzeugt.
2026-05-06 12:18:15,547 [INFO] sentence_transformers.SentenceTransformer – Use pytorch device_name: cpu
2026-05-06 12:18:15,547 [INFO] sentence_transformers.SentenceTransformer – Load pretrained SentenceTransformer: sentence-transformers/all-MiniLM-L6-v2
2026-05-06 12:21:24,320 [INFO] ODD-RAG – Lade Ontologie 'ontology.rdf'
2026-05-06 12:21:24,414 [INFO] ODD-RAG – Chunking abgeschlossen: 572 Entitäts-Chunks erzeugt.
2026-05-06 12:21:24,417 [INFO] sentence_transformers.SentenceTransformer – Use pytorch device_name: cpu
2026-05-06 12:21:24,417 [INFO] sentence_transformers.SentenceTransformer – Load pretrained SentenceTransformer: all-MiniLM-L6-v2
2026-05-06 12:22:39,370 [INFO] ODD-RAG – Lade Ontologie 'ontology.rdf'
2026-05-06 12:22:39,468 [INFO] ODD-RAG – Chunking abgeschlossen: 572 Entitäts-Chunks erzeugt.
2026-05-06 12:22:39,471 [INFO] sentence_transformers.SentenceTransformer – Use pytorch device_name: cpu
2026-05-06 12:22:39,471 [INFO] sentence_transformers.SentenceTransformer – Load pretrained SentenceTransformer: all-MiniLM-L6-v2
2026-05-06 12:29:31,669 [INFO] ODD-RAG – Lade Ontologie 'ontology.rdf'
2026-05-06 12:29:31,770 [INFO] ODD-RAG – Chunking abgeschlossen: 572 Entitäts-Chunks erzeugt.
2026-05-06 12:29:31,774 [INFO] sentence_transformers.SentenceTransformer – Use pytorch device_name: cpu
2026-05-06 12:29:31,774 [INFO] sentence_transformers.SentenceTransformer – Load pretrained SentenceTransformer: all-MiniLM-L6-v2
2026-05-06 12:30:09,622 [INFO] ODD-RAG – Lade Ontologie 'ontology.rdf'
2026-05-06 12:30:09,718 [INFO] ODD-RAG – Chunking abgeschlossen: 572 Entitäts-Chunks erzeugt.
2026-05-06 12:30:09,722 [INFO] sentence_transformers.SentenceTransformer – Use pytorch device_name: cpu
2026-05-06 12:30:09,722 [INFO] sentence_transformers.SentenceTransformer – Load pretrained SentenceTransformer: all-MiniLM-L6-v2
2026-05-06 12:55:49,962 [INFO] ODD-RAG – Lade Ontologie 'ontology.rdf'
2026-05-06 12:55:50,061 [INFO] ODD-RAG – Chunking abgeschlossen: 572 Entitäts-Chunks erzeugt.
2026-05-06 12:55:50,064 [INFO] sentence_transformers.SentenceTransformer – Use pytorch device_name: cpu
2026-05-06 12:55:50,064 [INFO] sentence_transformers.SentenceTransformer – Load pretrained SentenceTransformer: all-MiniLM-L6-v2
2026-05-06 12:56:25,001 [INFO] ODD-RAG – Lade Ontologie 'ontology.rdf'
2026-05-06 12:56:25,095 [INFO] ODD-RAG – Chunking abgeschlossen: 572 Entitäts-Chunks erzeugt.
2026-05-06 12:56:25,099 [INFO] sentence_transformers.SentenceTransformer – Use pytorch device_name: cpu
2026-05-06 12:56:25,099 [INFO] sentence_transformers.SentenceTransformer – Load pretrained SentenceTransformer: all-MiniLM-L6-v2
2026-05-06 13:07:07,278 [INFO] ODD-RAG – Lade Ontologie 'ontology.rdf'
2026-05-06 13:09:52,668 [INFO] ODD-RAG – Lade Ontologie 'ontology.rdf'
2026-05-06 13:09:52,768 [INFO] ODD-RAG – Chunking abgeschlossen: 572 Entitäts-Chunks erzeugt.
2026-05-06 13:09:52,770 [INFO] sentence_transformers.SentenceTransformer – Use pytorch device_name: cpu
2026-05-06 13:09:52,770 [INFO] sentence_transformers.SentenceTransformer – Load pretrained SentenceTransformer: all-MiniLM-L6-v2
2026-05-06 13:25:50,762 [INFO] ODD-RAG – Lade Ontologie 'ontology.rdf'
2026-05-06 13:25:50,857 [INFO] ODD-RAG – Chunking abgeschlossen: 572 Entitäts-Chunks erzeugt.
2026-05-06 13:25:50,859 [INFO] sentence_transformers.SentenceTransformer – Use pytorch device_name: cpu
2026-05-06 13:25:50,859 [INFO] sentence_transformers.SentenceTransformer – Load pretrained SentenceTransformer: all-MiniLM-L6-v2
2026-05-06 13:32:58,504 [INFO] ODD-RAG – Lade Ontologie 'ontology.rdf'
2026-05-06 13:32:58,605 [INFO] ODD-RAG – Chunking abgeschlossen: 572 Entitäts-Chunks erzeugt.
2026-05-06 13:32:58,608 [INFO] sentence_transformers.SentenceTransformer – Use pytorch device_name: cpu
2026-05-06 13:32:58,608 [INFO] sentence_transformers.SentenceTransformer – Load pretrained SentenceTransformer: all-MiniLM-L6-v2
2026-05-06 13:36:13,497 [INFO] ODD-RAG – Lade Ontologie 'ontology.rdf'
2026-05-06 13:36:13,593 [INFO] ODD-RAG – Chunking abgeschlossen: 572 Entitäts-Chunks erzeugt.
2026-05-06 13:36:13,597 [INFO] sentence_transformers.SentenceTransformer – Use pytorch device_name: cpu
2026-05-06 13:36:13,597 [INFO] sentence_transformers.SentenceTransformer – Load pretrained SentenceTransformer: all-MiniLM-L6-v2
2026-05-06 13:37:00,314 [INFO] ODD-RAG – Lade Ontologie 'ontology.rdf'
2026-05-06 13:37:00,415 [INFO] ODD-RAG – Chunking abgeschlossen: 572 Entitäts-Chunks erzeugt.
2026-05-06 13:37:00,418 [INFO] sentence_transformers.SentenceTransformer – Use pytorch device_name: cpu
2026-05-06 13:37:00,418 [INFO] sentence_transformers.SentenceTransformer – Load pretrained SentenceTransformer: all-MiniLM-L6-v2
2026-05-06 15:14:23,117 [INFO] ODD-RAG – Lade Ontologie 'ontology.rdf'
2026-05-06 15:14:23,224 [INFO] ODD-RAG – Chunking abgeschlossen: 572 Entitäts-Chunks erzeugt.
2026-05-06 15:14:23,227 [INFO] sentence_transformers.SentenceTransformer – Use pytorch device_name: cpu
2026-05-06 15:14:23,228 [INFO] sentence_transformers.SentenceTransformer – Load pretrained SentenceTransformer: all-MiniLM-L6-v2
2026-05-11 18:33:55,884 [INFO] ODD-RAG – Lade Ontologie 'ontology.rdf'
2026-05-11 18:33:56,185 [INFO] ODD-RAG – Chunking abgeschlossen: 572 Entitäts-Chunks erzeugt.
2026-05-11 18:33:56,189 [INFO] sentence_transformers.SentenceTransformer – Use pytorch device_name: cpu
2026-05-11 18:33:56,189 [INFO] sentence_transformers.SentenceTransformer – Load pretrained SentenceTransformer: all-MiniLM-L6-v2
2026-05-11 18:36:58,891 [INFO] ODD-RAG – Lade Ontologie 'ontology.rdf'
2026-05-11 18:36:59,148 [INFO] ODD-RAG – Chunking abgeschlossen: 572 Entitäts-Chunks erzeugt.
2026-05-11 18:36:59,151 [INFO] sentence_transformers.SentenceTransformer – Use pytorch device_name: cpu
2026-05-11 18:36:59,152 [INFO] sentence_transformers.SentenceTransformer – Load pretrained SentenceTransformer: all-MiniLM-L6-v2
2026-05-11 18:39:31,820 [INFO] ODD-RAG – Lade Ontologie 'ontology.rdf'
2026-05-11 18:39:32,091 [INFO] ODD-RAG – Chunking abgeschlossen: 572 Entitäts-Chunks erzeugt.
2026-05-11 18:39:32,094 [INFO] sentence_transformers.SentenceTransformer – Use pytorch device_name: cpu
2026-05-11 18:39:32,094 [INFO] sentence_transformers.SentenceTransformer – Load pretrained SentenceTransformer: all-MiniLM-L6-v2
2026-05-13 11:57:09,909 [INFO] ODD-RAG – Lade Ontologie 'ontology.rdf'
2026-05-13 11:57:10,202 [INFO] ODD-RAG – Chunking abgeschlossen: 572 Entitäts-Chunks erzeugt.
2026-05-13 11:57:10,206 [INFO] sentence_transformers.SentenceTransformer – Use pytorch device_name: cpu
2026-05-13 11:57:10,206 [INFO] sentence_transformers.SentenceTransformer – Load pretrained SentenceTransformer: all-MiniLM-L6-v2
2026-05-13 11:58:04,560 [INFO] ODD-RAG – Lade Ontologie 'ontology.rdf'
2026-05-13 11:58:04,806 [INFO] ODD-RAG – Chunking abgeschlossen: 572 Entitäts-Chunks erzeugt.
2026-05-13 11:58:04,808 [INFO] sentence_transformers.SentenceTransformer – Use pytorch device_name: cpu
2026-05-13 11:58:04,808 [INFO] sentence_transformers.SentenceTransformer – Load pretrained SentenceTransformer: all-MiniLM-L6-v2
2026-05-13 12:00:53,740 [INFO] ODD-RAG – Lade Ontologie 'ontology.rdf'
2026-05-13 12:00:53,988 [INFO] ODD-RAG – Chunking abgeschlossen: 572 Entitäts-Chunks erzeugt.
2026-05-13 12:00:53,991 [INFO] sentence_transformers.SentenceTransformer – Use pytorch device_name: cpu
2026-05-13 12:00:53,991 [INFO] sentence_transformers.SentenceTransformer – Load pretrained SentenceTransformer: all-MiniLM-L6-v2
2026-05-26 12:00:34,461 [INFO] ODD-RAG – Lade Ontologie 'ontology.rdf'
2026-05-26 12:00:34,741 [INFO] ODD-RAG – Chunking abgeschlossen: 572 Entitäts-Chunks erzeugt.
2026-05-26 12:00:34,743 [INFO] sentence_transformers.SentenceTransformer – Use pytorch device_name: cpu
2026-05-26 12:00:34,744 [INFO] sentence_transformers.SentenceTransformer – Load pretrained SentenceTransformer: all-MiniLM-L6-v2
2026-05-26 12:01:10,231 [INFO] ODD-RAG – Lade Ontologie 'ontology.rdf'
2026-05-26 12:01:10,477 [INFO] ODD-RAG – Chunking abgeschlossen: 572 Entitäts-Chunks erzeugt.
2026-05-26 12:01:10,480 [INFO] sentence_transformers.SentenceTransformer – Use pytorch device_name: cpu
2026-05-26 12:01:10,480 [INFO] sentence_transformers.SentenceTransformer – Load pretrained SentenceTransformer: all-MiniLM-L6-v2
2026-05-29 12:45:37,815 [INFO] ODD-RAG – Lade Ontologie 'ontology.rdf'
2026-05-29 12:45:38,132 [INFO] ODD-RAG – Chunking abgeschlossen: 572 Entitäts-Chunks erzeugt.
2026-05-29 12:45:38,156 [INFO] sentence_transformers.SentenceTransformer – Use pytorch device_name: cpu
2026-05-29 12:45:38,157 [INFO] sentence_transformers.SentenceTransformer – Load pretrained SentenceTransformer: all-MiniLM-L6-v2
2026-05-29 13:19:07,428 [INFO] ODD-RAG – Lade Ontologie 'ontology.rdf'
2026-05-29 13:19:07,708 [INFO] ODD-RAG – Chunking abgeschlossen: 572 Entitäts-Chunks erzeugt.
2026-05-29 13:19:07,710 [INFO] sentence_transformers.SentenceTransformer – Use pytorch device_name: cpu
2026-05-29 13:19:07,710 [INFO] sentence_transformers.SentenceTransformer – Load pretrained SentenceTransformer: all-MiniLM-L6-v2
2026-05-30 12:29:53,080 [INFO] ODD-RAG – Lade Ontologie 'ontology.rdf'
2026-05-30 12:29:53,390 [INFO] ODD-RAG – Chunking abgeschlossen: 584 Entitäts-Chunks erzeugt.
2026-05-30 12:29:53,395 [INFO] sentence_transformers.SentenceTransformer – Use pytorch device_name: cpu
2026-05-30 12:29:53,395 [INFO] sentence_transformers.SentenceTransformer – Load pretrained SentenceTransformer: all-MiniLM-L6-v2
2026-05-30 12:45:15,723 [INFO] ODD-RAG – Lade Ontologie 'ontology.rdf'
2026-05-30 12:45:15,976 [INFO] ODD-RAG – Chunking abgeschlossen: 584 Entitäts-Chunks erzeugt.
2026-05-30 12:45:15,978 [INFO] sentence_transformers.SentenceTransformer – Use pytorch device_name: cpu
2026-05-30 12:45:15,978 [INFO] sentence_transformers.SentenceTransformer – Load pretrained SentenceTransformer: all-MiniLM-L6-v2
2026-05-30 12:59:28,036 [INFO] ODD-RAG – Lade Ontologie 'ontology.rdf'
2026-05-30 12:59:28,291 [INFO] ODD-RAG – Chunking abgeschlossen: 584 Entitäts-Chunks erzeugt.
2026-05-30 12:59:28,294 [INFO] sentence_transformers.SentenceTransformer – Use pytorch device_name: cpu
2026-05-30 12:59:28,294 [INFO] sentence_transformers.SentenceTransformer – Load pretrained SentenceTransformer: all-MiniLM-L6-v2
